<?xml version="1.0" encoding="UTF-8"?>
<!-- Generated by org.testng.reporters.JUnitReportReporter -->
<testsuite skipped="0" hostname="DESKTOP-MR26AR9" name="com.sgtesting.dataprovider.Assign2" tests="8" failures="0" timestamp="2021-09-16T23:27:28 IST" time="67.587" errors="0">
  <testcase name="launchBrowser" time="11.052" classname="com.sgtesting.dataprovider.Assign2"/>
  <system-out/>
  <testcase name="navigate" time="9.977" classname="com.sgtesting.dataprovider.Assign2"/>
  <system-out/>
  <testcase name="login" time="4.634" classname="com.sgtesting.dataprovider.Assign2"/>
  <system-out/>
  <testcase name="minimize" time="4.971" classname="com.sgtesting.dataprovider.Assign2"/>
  <system-out/>
  <testcase name="createuser" time="20.012" classname="com.sgtesting.dataprovider.Assign2"/>
  <system-out/>
  <testcase name="deleteuser" time="12.541" classname="com.sgtesting.dataprovider.Assign2"/>
  <system-out/>
  <testcase name="logout" time="3.861" classname="com.sgtesting.dataprovider.Assign2"/>
  <system-out/>
  <testcase name="closeApplication" time="0.539" classname="com.sgtesting.dataprovider.Assign2"/>
  <system-out/>
</testsuite> <!-- com.sgtesting.dataprovider.Assign2 -->
