<?xml version="1.0" encoding="UTF-8"?>
<!-- Generated by org.testng.reporters.JUnitReportReporter -->
<testsuite skipped="0" hostname="DESKTOP-MR26AR9" name="com.sgtesting.dataprovider.LoginLogoutDemo" tests="6" failures="0" timestamp="2021-09-20T12:12:37 IST" time="73.947" errors="0">
  <testcase name="launchBrowser" time="21.699" classname="com.sgtesting.dataprovider.LoginLogoutDemo"/>
  <system-out/>
  <testcase name="navigate" time="14.658" classname="com.sgtesting.dataprovider.LoginLogoutDemo"/>
  <system-out/>
  <testcase name="login" time="18.380" classname="com.sgtesting.dataprovider.LoginLogoutDemo"/>
  <system-out/>
  <testcase name="login" time="8.245" classname="com.sgtesting.dataprovider.LoginLogoutDemo"/>
  <system-out/>
  <testcase name="login" time="8.632" classname="com.sgtesting.dataprovider.LoginLogoutDemo"/>
  <system-out/>
  <testcase name="closeApplication" time="2.333" classname="com.sgtesting.dataprovider.LoginLogoutDemo"/>
  <system-out/>
</testsuite> <!-- com.sgtesting.dataprovider.LoginLogoutDemo -->
