<?xml version="1.0" encoding="UTF-8"?>
<!-- Generated by org.testng.reporters.JUnitReportReporter -->
<testsuite hostname="DESKTOP-MR26AR9" failures="0" tests="8" name="com.sgtesting.dataprovider.Asignment4" time="110.035" errors="0" timestamp="2021-09-22T09:54:06 IST" skipped="0">
  <testcase classname="com.sgtesting.dataprovider.Asignment4" name="launchBrowser" time="16.720"/>
  <system-out/>
  <testcase classname="com.sgtesting.dataprovider.Asignment4" name="navigate" time="25.114"/>
  <system-out/>
  <testcase classname="com.sgtesting.dataprovider.Asignment4" name="login" time="27.808"/>
  <system-out/>
  <testcase classname="com.sgtesting.dataprovider.Asignment4" name="createCustomer" time="18.537"/>
  <system-out/>
  <testcase classname="com.sgtesting.dataprovider.Asignment4" name="modifycustomer" time="10.988"/>
  <system-out/>
  <testcase classname="com.sgtesting.dataprovider.Asignment4" name="deletecustomer" time="6.524"/>
  <system-out/>
  <testcase classname="com.sgtesting.dataprovider.Asignment4" name="logout" time="3.791"/>
  <system-out/>
  <testcase classname="com.sgtesting.dataprovider.Asignment4" name="closeApplication" time="0.553"/>
  <system-out/>
</testsuite> <!-- com.sgtesting.dataprovider.Asignment4 -->
