<?xml version="1.0" encoding="UTF-8"?>
<!-- Generated by org.testng.reporters.JUnitReportReporter -->
<testsuite skipped="0" hostname="DESKTOP-MR26AR9" name="com.sgtesting.dataprovider.Assignment3" tests="9" failures="0" timestamp="2021-09-16T23:46:45 IST" time="83.472" errors="0">
  <testcase name="launchBrowser" time="8.870" classname="com.sgtesting.dataprovider.Assignment3"/>
  <system-out/>
  <testcase name="navigate" time="17.138" classname="com.sgtesting.dataprovider.Assignment3"/>
  <system-out/>
  <testcase name="login" time="4.513" classname="com.sgtesting.dataprovider.Assignment3"/>
  <system-out/>
  <testcase name="minimize" time="5.031" classname="com.sgtesting.dataprovider.Assignment3"/>
  <system-out/>
  <testcase name="createuser" time="19.623" classname="com.sgtesting.dataprovider.Assignment3"/>
  <system-out/>
  <testcase name="edituser" time="10.915" classname="com.sgtesting.dataprovider.Assignment3"/>
  <system-out/>
  <testcase name="deleteuser" time="12.601" classname="com.sgtesting.dataprovider.Assignment3"/>
  <system-out/>
  <testcase name="logout" time="3.886" classname="com.sgtesting.dataprovider.Assignment3"/>
  <system-out/>
  <testcase name="closeApplication" time="0.895" classname="com.sgtesting.dataprovider.Assignment3"/>
  <system-out/>
</testsuite> <!-- com.sgtesting.dataprovider.Assignment3 -->
