<?xml version="1.0" encoding="UTF-8"?>
<!-- Generated by org.testng.reporters.JUnitReportReporter -->
<testsuite skipped="0" hostname="DESKTOP-MR26AR9" name="com.sgtesting.testsLog4j.Log4jAssign1" tests="7" failures="0" timestamp="2021-09-17T11:21:55 IST" time="62.699" errors="0">
  <testcase name="launchBrowser" time="15.899" classname="com.sgtesting.testsLog4j.Log4jAssign1"/>
  <system-out/>
  <testcase name="navigate" time="10.375" classname="com.sgtesting.testsLog4j.Log4jAssign1"/>
  <system-out/>
  <testcase name="login" time="8.484" classname="com.sgtesting.testsLog4j.Log4jAssign1"/>
  <system-out/>
  <testcase name="login" time="8.587" classname="com.sgtesting.testsLog4j.Log4jAssign1"/>
  <system-out/>
  <testcase name="login" time="16.789" classname="com.sgtesting.testsLog4j.Log4jAssign1"/>
  <system-out/>
  <testcase name="logout" time="1.869" classname="com.sgtesting.testsLog4j.Log4jAssign1"/>
  <system-out/>
  <testcase name="closeApplication" time="0.696" classname="com.sgtesting.testsLog4j.Log4jAssign1"/>
  <system-out/>
</testsuite> <!-- com.sgtesting.testsLog4j.Log4jAssign1 -->
